#
# There is insufficient memory for the Java Runtime Environment to continue.
# Native memory allocation (malloc) failed to allocate 1048576 bytes for AllocateHeap
# Possible reasons:
#   The system is out of physical RAM or swap space
#   In 32 bit mode, the process size limit was hit
# Possible solutions:
#   Reduce memory load on the system
#   Increase physical memory or swap space
#   Check if swap backing store is full
#   Use 64 bit Java on a 64 bit OS
#   Decrease Java heap size (-Xmx/-Xms)
#   Decrease number of Java threads
#   Decrease Java thread stack sizes (-Xss)
#   Set larger code cache with -XX:ReservedCodeCacheSize=
# This output file may be truncated or incomplete.
#
#  Out of Memory Error (memory/allocation.inline.hpp:61), pid=7456, tid=0x000000000000207c
#
# JRE version:  (8.0_144-b01) (build )
# Java VM: Java HotSpot(TM) 64-Bit Server VM (25.144-b01 mixed mode windows-amd64 compressed oops)
# Failed to write core dump. Minidumps are not enabled by default on client versions of Windows
#

---------------  T H R E A D  ---------------

Current thread (0x0000000002cfd800):  JavaThread "Unknown thread" [_thread_in_vm, id=8316, stack(0x0000000002ba0000,0x0000000002ca0000)]

Stack: [0x0000000002ba0000,0x0000000002ca0000]
[error occurred during error reporting (printing stack bounds), id 0xc0000005]

Native frames: (J=compiled Java code, j=interpreted, Vv=VM code, C=native code)


---------------  P R O C E S S  ---------------

Java Threads: ( => current thread )

Other Threads:

=>0x0000000002cfd800 (exited) JavaThread "Unknown thread" [_thread_in_vm, id=8316, stack(0x0000000002ba0000,0x0000000002ca0000)]

VM state:not at safepoint (normal execution)

VM Mutex/Monitor currently owned by a thread: None

Heap:
 PSYoungGen      total 18944K, used 327K [0x00000000eb200000, 0x00000000ec700000, 0x0000000100000000)
  eden space 16384K, 2% used [0x00000000eb200000,0x00000000eb251ec8,0x00000000ec200000)
  from space 2560K, 0% used [0x00000000ec480000,0x00000000ec480000,0x00000000ec700000)
  to   space 2560K, 0% used [0x00000000ec200000,0x00000000ec200000,0x00000000ec480000)
 ParOldGen       total 44032K, used 0K [0x00000000c1600000, 0x00000000c4100000, 0x00000000eb200000)
  object space 44032K, 0% used [0x00000000c1600000,0x00000000c1600000,0x00000000c4100000)
 Metaspace       used 770K, capacity 4480K, committed 4480K, reserved 1056768K
  class space    used 75K, capacity 384K, committed 384K, reserved 1048576K

Card table byte_map: [0x0000000012320000,0x0000000012520000] byte_map_base: 0x0000000011d15000

Marking Bits: (ParMarkBitMap*) 0x0000000065acd850
 Begin Bits: [0x0000000012a70000, 0x0000000013a18000)
 End Bits:   [0x0000000013a18000, 0x00000000149c0000)

Polling page: 0x00000000010a0000

CodeCache: size=245760Kb used=328Kb max_used=328Kb free=245431Kb
 bounds [0x0000000002f60000, 0x00000000031d0000, 0x0000000011f60000]
 total_blobs=58 nmethods=0 adapters=38
 compilation: enabled

Compilation events (0 events):
No events

GC Heap History (0 events):
No events

Deoptimization events (0 events):
No events

Internal exceptions (0 events):
No events

Events (10 events):
Event: 0.029 loading class java/lang/Short
Event: 0.029 loading class java/lang/Short done
Event: 0.029 loading class java/lang/Integer
Event: 0.029 loading class java/lang/Integer done
Event: 0.029 loading class java/lang/Long
Event: 0.029 loading class java/lang/Long done
Event: 0.030 loading class java/lang/NullPointerException
Event: 0.030 loading class java/lang/NullPointerException done
Event: 0.030 loading class java/lang/ArithmeticException
Event: 0.030 loading class java/lang/ArithmeticException done


Dynamic libraries:
0x00007ff72a950000 - 0x00007ff72a987000 	C:\Program Files\Java\jdk1.8.0_144\bin\java.exe
0x00007ff88c310000 - 0x00007ff88c4bd000 	C:\WINDOWS\SYSTEM32\ntdll.dll
0x00007ff8899a0000 - 0x00007ff889adf000 	C:\WINDOWS\system32\KERNEL32.DLL
0x00007ff889800000 - 0x00007ff889915000 	C:\WINDOWS\system32\KERNELBASE.dll
0x00007ff888000000 - 0x00007ff88808e000 	C:\WINDOWS\system32\apphelp.dll
0x00007ff879870000 - 0x00007ff8798c5000 	C:\WINDOWS\AppPatch\AppPatch64\AcGenral.DLL
0x00007ff88a4d0000 - 0x00007ff88a57a000 	C:\WINDOWS\system32\msvcrt.dll
0x00007ff889920000 - 0x00007ff88994e000 	C:\WINDOWS\system32\SspiCli.dll
0x00007ff88a7e0000 - 0x00007ff88a834000 	C:\WINDOWS\system32\SHLWAPI.dll
0x00007ff88c190000 - 0x00007ff88c307000 	C:\WINDOWS\system32\USER32.dll
0x00007ff88a640000 - 0x00007ff88a7d4000 	C:\WINDOWS\system32\ole32.dll
0x00007ff88aaf0000 - 0x00007ff88c01a000 	C:\WINDOWS\system32\SHELL32.dll
0x00007ff888a00000 - 0x00007ff888a21000 	C:\WINDOWS\SYSTEM32\USERENV.dll
0x00007ff88a060000 - 0x00007ff88a10a000 	C:\WINDOWS\system32\ADVAPI32.dll
0x00007ff878240000 - 0x00007ff87825e000 	C:\WINDOWS\SYSTEM32\MPR.dll
0x00007ff88a330000 - 0x00007ff88a470000 	C:\WINDOWS\system32\RPCRT4.dll
0x00007ff88a840000 - 0x00007ff88a899000 	C:\WINDOWS\SYSTEM32\sechost.dll
0x00007ff88a110000 - 0x00007ff88a320000 	C:\WINDOWS\SYSTEM32\combase.dll
0x00007ff88a9a0000 - 0x00007ff88aaec000 	C:\WINDOWS\system32\GDI32.dll
0x00007ff889440000 - 0x00007ff889455000 	C:\WINDOWS\SYSTEM32\profapi.dll
0x00007ff8879d0000 - 0x00007ff887a82000 	C:\WINDOWS\SYSTEM32\SHCORE.dll
0x00007ff88a960000 - 0x00007ff88a996000 	C:\WINDOWS\system32\IMM32.DLL
0x00007ff88c020000 - 0x00007ff88c171000 	C:\WINDOWS\system32\MSCTF.dll
0x00007ff886e90000 - 0x00007ff88710b000 	C:\WINDOWS\WinSxS\amd64_microsoft.windows.common-controls_6595b64144ccf1df_6.0.9600.19394_none_62486577ecb635cf\COMCTL32.dll
0x0000000066a90000 - 0x0000000066b62000 	C:\Program Files\Java\jdk1.8.0_144\jre\bin\msvcr100.dll
0x00000000652b0000 - 0x0000000065b4d000 	C:\Program Files\Java\jdk1.8.0_144\jre\bin\server\jvm.dll
0x00007ff873b50000 - 0x00007ff873b59000 	C:\WINDOWS\SYSTEM32\WSOCK32.dll
0x00007ff882000000 - 0x00007ff882022000 	C:\WINDOWS\SYSTEM32\WINMM.dll
0x00007ff880440000 - 0x00007ff88044a000 	C:\WINDOWS\SYSTEM32\VERSION.dll
0x00007ff889b00000 - 0x00007ff889b07000 	C:\WINDOWS\system32\PSAPI.DLL
0x00007ff88a470000 - 0x00007ff88a4ca000 	C:\WINDOWS\system32\WS2_32.dll
0x00007ff881fd0000 - 0x00007ff881ffa000 	C:\WINDOWS\SYSTEM32\WINMMBASE.dll
0x00007ff889cd0000 - 0x00007ff889cd9000 	C:\WINDOWS\system32\NSI.dll
0x00007ff889950000 - 0x00007ff88999f000 	C:\WINDOWS\SYSTEM32\cfgmgr32.dll
0x00007ff888250000 - 0x00007ff888278000 	C:\WINDOWS\SYSTEM32\DEVOBJ.dll
0x0000000066a80000 - 0x0000000066a8f000 	C:\Program Files\Java\jdk1.8.0_144\jre\bin\verify.dll
0x0000000066a50000 - 0x0000000066a79000 	C:\Program Files\Java\jdk1.8.0_144\jre\bin\java.dll
0x0000000066a20000 - 0x0000000066a43000 	C:\Program Files\Java\jdk1.8.0_144\jre\bin\instrument.dll
0x0000000066a00000 - 0x0000000066a16000 	C:\Program Files\Java\jdk1.8.0_144\jre\bin\zip.dll

VM Arguments:
jvm_args: -Dmaven.multiModuleProjectDirectory=D:\IdeaProjects\bookstore -Dmaven.home=D:\Program Files\JetBrains\IntelliJ IDEA 2018.1.3\plugins\maven\lib\maven3 -Dclassworlds.conf=D:\Program Files\JetBrains\IntelliJ IDEA 2018.1.3\plugins\maven\lib\maven3\bin\m2.conf -javaagent:D:\Program Files\JetBrains\IntelliJ IDEA 2018.1.3\lib\idea_rt.jar=63744:D:\Program Files\JetBrains\IntelliJ IDEA 2018.1.3\bin -Dfile.encoding=UTF-8 
java_command: org.codehaus.classworlds.Launcher -Didea.version=2018.1.3 mybatis-generator:generate -e
java_class_path (initial): D:\Program Files\JetBrains\IntelliJ IDEA 2018.1.3\plugins\maven\lib\maven3\boot\plexus-classworlds-2.5.2.jar;D:\Program Files\JetBrains\IntelliJ IDEA 2018.1.3\lib\idea_rt.jar
Launcher Type: SUN_STANDARD

Environment Variables:
JAVA_HOME=C:\Program Files\Java\jdk1.8.0_144
JRE_HOME=C:\Program Files\Java\jre1.8.0_144
CLASSPATH=.;C:\Program Files\Java\jdk1.8.0_144\lib;C:\Program Files\Java\jdk1.8.0_144\lib\tools.jar
PATH=C:\ProgramData\Oracle\Java\javapath;C:\Program Files (x86)\Intel\iCLS Client\;C:\Program Files\Intel\iCLS Client\;C:\WINDOWS\system32;C:\WINDOWS;C:\WINDOWS\System32\Wbem;C:\WINDOWS\System32\WindowsPowerShell\v1.0\;C:\Program Files\Intel\Intel(R) Management Engine Components\DAL;C:\Program Files (x86)\Intel\Intel(R) Management Engine Components\DAL;C:\Program Files\Intel\Intel(R) Management Engine Components\IPT;C:\Program Files (x86)\Intel\Intel(R) Management Engine Components\IPT;D:\apache-tomcat-9.0.34\lib;D:\apache-tomcat-9.0.34\bin;C:\Program Files\Java\jdk1.8.0_144\bin;C:\Program Files\Java\jre1.8.0_144\bin;d:\Program Files\Git\cmd;C:\Program Files (x86)\升腾智能外设支持;
USERNAME=ywlife
OS=Windows_NT
PROCESSOR_IDENTIFIER=Intel64 Family 6 Model 61 Stepping 4, GenuineIntel



---------------  S Y S T E M  ---------------

OS: Windows 8.1 , 64 bit Build 9600 (6.3.9600.19719)

CPU:total 4 (initial active 4) (2 cores per cpu, 2 threads per core) family 6 model 61 stepping 4, cmov, cx8, fxsr, mmx, sse, sse2, sse3, ssse3, sse4.1, sse4.2, popcnt, avx, avx2, aes, clmul, erms, rtm, 3dnowpref, lzcnt, ht, tsc, tscinvbit, bmi1, bmi2, adx

Memory: 4k page, physical 4097964k(732100k free), swap 7243692k(6064k free)

vm_info: Java HotSpot(TM) 64-Bit Server VM (25.144-b01) for windows-amd64 JRE (1.8.0_144-b01), built on Jul 21 2017 21:57:33 by "java_re" with MS VC++ 10.0 (VS2010)

time: Fri Jul 03 16:26:06 2020
elapsed time: 0 seconds (0d 0h 0m 0s)

